[24Feb2025 17:04:25.679] [main/INFO] [cpw.mods.modlauncher.Launcher/MODLAUNCHER]: ModLauncher running: args [--launchTarget, forgeclientuserdev, --version, 21.1.122, --assetIndex, 17, --assetsDir, /home/core/.gradle/caches/neoformruntime/assets, --gameDir, ., --fml.neoForgeVersion, 21.1.122, --fml.fmlVersion, 4.0.37, --fml.mcVersion, 1.21.1, --fml.neoFormVersion, 20240808.144430]
[24Feb2025 17:04:25.680] [main/INFO] [cpw.mods.modlauncher.Launcher/MODLAUNCHER]: JVM identified as Arch Linux OpenJDK 64-Bit Server VM 21.0.6+7
[24Feb2025 17:04:25.681] [main/INFO] [cpw.mods.modlauncher.Launcher/MODLAUNCHER]: ModLauncher 11.0.4+main.d2e20e43 starting: java version 21.0.6 by Arch Linux; OS Linux arch amd64 version 6.13.4-arch1-1
[24Feb2025 17:04:25.726] [main/INFO] [net.neoforged.fml.loading.ImmediateWindowHandler/]: Loading ImmediateWindowProvider fmlearlywindow
[24Feb2025 17:04:25.800] [main/INFO] [EARLYDISPLAY/]: Trying GL version 4.6
[24Feb2025 17:04:25.843] [main/INFO] [EARLYDISPLAY/]: Requested GL version 4.6 got version 4.6
[24Feb2025 17:04:25.892] [main/INFO] [mixin/]: SpongePowered MIXIN Subsystem Version=0.8.7 Source=union:/home/core/.gradle/caches/modules-2/files-2.1/net.fabricmc/sponge-mixin/0.15.2+mixin.0.8.7/2af2f021d8e02a0220dc27a7a72b4666d66d44ca/sponge-mixin-0.15.2+mixin.0.8.7.jar%23119!/ Service=ModLauncher Env=CLIENT
[24Feb2025 17:04:25.962] [pool-2-thread-1/INFO] [EARLYDISPLAY/]: GL info: Mesa Intel(R) Graphics (ADL GT2) GL version 4.6 (Core Profile) Mesa 24.3.4-arch1.1, Intel
[24Feb2025 17:04:26.056] [main/INFO] [net.neoforged.fml.loading.moddiscovery.locators.JarInJarDependencyLocator/]: Found 2 dependencies adding them to mods collection
[24Feb2025 17:04:26.056] [main/INFO] [net.neoforged.fml.loading.moddiscovery.ModDiscoverer/]: 
     Mod List:
		Name Version (Mod Id)

		Example Mod 1.0.0 (elventools)
		Minecraft 1.21.1 (minecraft)
		NeoForge 21.1.122 (neoforge)
[24Feb2025 17:04:26.358] [main/INFO] [cpw.mods.modlauncher.LaunchServiceHandler/MODLAUNCHER]: Launching target 'forgeclientuserdev' with arguments [--version, 21.1.122, --gameDir, ., --assetsDir, /home/core/.gradle/caches/neoformruntime/assets, --assetIndex, 17]
[24Feb2025 17:04:27.196] [Datafixer Bootstrap/INFO] [com.mojang.datafixers.DataFixerBuilder/]: 229 Datafixer optimizations took 145 milliseconds
[24Feb2025 17:04:29.120] [pool-7-thread-1/INFO] [MixinExtras|Service/]: Initializing MixinExtras via com.llamalad7.mixinextras.service.MixinExtrasServiceImpl(version=0.4.1).
[24Feb2025 17:04:31.484] [main/WARN] [net.minecraft.commands.Commands/]: Ambiguity between arguments [teleport, location] and [teleport, destination] with inputs: [0.1 -0.5 .9, 0 0 0]
[24Feb2025 17:04:31.485] [main/WARN] [net.minecraft.commands.Commands/]: Ambiguity between arguments [teleport, location] and [teleport, targets] with inputs: [0.1 -0.5 .9, 0 0 0]
[24Feb2025 17:04:31.487] [main/WARN] [net.minecraft.commands.Commands/]: Ambiguity between arguments [teleport, destination] and [teleport, targets] with inputs: [Player, 0123, @e, dd12be42-52a9-4a91-a8a1-11c01849e498]
[24Feb2025 17:04:31.488] [main/WARN] [net.minecraft.commands.Commands/]: Ambiguity between arguments [teleport, targets] and [teleport, destination] with inputs: [Player, 0123, dd12be42-52a9-4a91-a8a1-11c01849e498]
[24Feb2025 17:04:31.488] [main/WARN] [net.minecraft.commands.Commands/]: Ambiguity between arguments [teleport, targets, location] and [teleport, targets, destination] with inputs: [0.1 -0.5 .9, 0 0 0]
[24Feb2025 17:04:31.548] [Render thread/WARN] [net.minecraft.server.packs.VanillaPackResourcesBuilder/]: Assets URL 'union:/home/core/coding_projects/Java/Minecraft/ElvenTools-NeoForge/build/moddev/artifacts/neoforge-21.1.122.jar%23171!/assets/.mcassetsroot' uses unexpected schema
[24Feb2025 17:04:31.548] [Render thread/WARN] [net.minecraft.server.packs.VanillaPackResourcesBuilder/]: Assets URL 'union:/home/core/coding_projects/Java/Minecraft/ElvenTools-NeoForge/build/moddev/artifacts/neoforge-21.1.122.jar%23171!/data/.mcassetsroot' uses unexpected schema
[24Feb2025 17:04:31.559] [Render thread/INFO] [com.mojang.authlib.yggdrasil.YggdrasilAuthenticationService/]: Environment: Environment[sessionHost=https://sessionserver.mojang.com, servicesHost=https://api.minecraftservices.com, name=PROD]
[24Feb2025 17:04:31.564] [Render thread/INFO] [net.minecraft.client.Minecraft/]: Setting user: Dev
[24Feb2025 17:04:31.598] [Render thread/INFO] [net.minecraft.client.Minecraft/]: Backend library: LWJGL version 3.3.3+5
[24Feb2025 17:04:31.859] [modloading-worker-0/INFO] [net.neoforged.neoforge.common.NeoForgeMod/NEOFORGE-MOD]: NeoForge mod loading, version 21.1.122, for MC 1.21.1
[24Feb2025 17:04:32.212] [Render thread/INFO] [net.neoforged.neoforge.gametest.GameTestHooks/]: Enabled Gametest Namespaces: [elventools]
[24Feb2025 17:04:32.277] [Render thread/INFO] [net.minecraft.server.packs.resources.ReloadableResourceManager/]: Reloading ResourceManager: vanilla, mod_resources, mod/elventools, mod/neoforge
[24Feb2025 17:04:32.283] [Worker-Main-1/INFO] [com.mod.elventools.ElvenTools/]: HELLO FROM COMMON SETUP
[24Feb2025 17:04:32.283] [Worker-Main-1/INFO] [com.mod.elventools.ElvenTools/]: The magic number is... 42
[24Feb2025 17:04:32.283] [Worker-Main-1/INFO] [com.mod.elventools.ElvenTools/]: ITEM >> minecraft:iron_ingot
[24Feb2025 17:04:32.319] [Worker-Main-13/INFO] [net.minecraft.client.gui.font.providers.UnihexProvider/]: Found unifont_all_no_pua-15.1.05.hex, loading
[24Feb2025 17:04:32.360] [Worker-Main-11/INFO] [net.minecraft.client.gui.font.providers.UnihexProvider/]: Found unifont_jp_patch-15.1.05.hex, loading
[24Feb2025 17:04:32.368] [Worker-Main-9/INFO] [com.mod.elventools.ElvenTools/]: HELLO FROM CLIENT SETUP
[24Feb2025 17:04:32.369] [Worker-Main-9/INFO] [com.mod.elventools.ElvenTools/]: MINECRAFT NAME >> Dev
[24Feb2025 17:04:32.776] [Worker-Main-11/WARN] [net.minecraft.client.resources.model.ModelBakery/]: Unable to load model: 'elventools:item/elven_steel_ingot' referenced from: elventools:item/elven_steel_ingot: java.io.FileNotFoundException: elventools:models/item/elven_steel_ingot.json
[24Feb2025 17:04:33.196] [Render thread/WARN] [net.minecraft.client.sounds.SoundEngine/]: Missing sound for event: minecraft:item.goat_horn.play
[24Feb2025 17:04:33.196] [Render thread/WARN] [net.minecraft.client.sounds.SoundEngine/]: Missing sound for event: minecraft:entity.goat.screaming.horn_break
[24Feb2025 17:04:33.231] [Render thread/INFO] [com.mojang.blaze3d.audio.Library/]: OpenAL initialized on device Alder Lake PCH-P High Definition Audio Controller Speaker
[24Feb2025 17:04:33.232] [Render thread/INFO] [net.minecraft.client.sounds.SoundEngine/SOUNDS]: Sound engine started
[24Feb2025 17:04:33.335] [Render thread/INFO] [net.minecraft.client.renderer.texture.TextureAtlas/]: Created: 1024x512x4 minecraft:textures/atlas/blocks.png-atlas
[24Feb2025 17:04:33.385] [Render thread/INFO] [net.minecraft.client.renderer.texture.TextureAtlas/]: Created: 256x256x4 minecraft:textures/atlas/signs.png-atlas
[24Feb2025 17:04:33.386] [Render thread/INFO] [net.minecraft.client.renderer.texture.TextureAtlas/]: Created: 512x512x4 minecraft:textures/atlas/shield_patterns.png-atlas
[24Feb2025 17:04:33.387] [Render thread/INFO] [net.minecraft.client.renderer.texture.TextureAtlas/]: Created: 512x512x4 minecraft:textures/atlas/banner_patterns.png-atlas
[24Feb2025 17:04:33.388] [Render thread/INFO] [net.minecraft.client.renderer.texture.TextureAtlas/]: Created: 1024x1024x4 minecraft:textures/atlas/armor_trims.png-atlas
[24Feb2025 17:04:33.398] [Render thread/INFO] [net.minecraft.client.renderer.texture.TextureAtlas/]: Created: 128x64x4 minecraft:textures/atlas/decorated_pot.png-atlas
[24Feb2025 17:04:33.399] [Render thread/INFO] [net.minecraft.client.renderer.texture.TextureAtlas/]: Created: 256x256x4 minecraft:textures/atlas/chest.png-atlas
[24Feb2025 17:04:33.399] [Render thread/INFO] [net.minecraft.client.renderer.texture.TextureAtlas/]: Created: 512x256x4 minecraft:textures/atlas/shulker_boxes.png-atlas
[24Feb2025 17:04:33.399] [Render thread/INFO] [net.minecraft.client.renderer.texture.TextureAtlas/]: Created: 512x256x4 minecraft:textures/atlas/beds.png-atlas
[24Feb2025 17:04:33.490] [Render thread/INFO] [net.minecraft.client.renderer.texture.TextureAtlas/]: Created: 512x256x0 minecraft:textures/atlas/particles.png-atlas
[24Feb2025 17:04:33.492] [Render thread/INFO] [net.minecraft.client.renderer.texture.TextureAtlas/]: Created: 512x256x0 minecraft:textures/atlas/paintings.png-atlas
[24Feb2025 17:04:33.492] [Render thread/INFO] [net.minecraft.client.renderer.texture.TextureAtlas/]: Created: 256x128x0 minecraft:textures/atlas/mob_effects.png-atlas
[24Feb2025 17:04:33.493] [Render thread/INFO] [net.minecraft.client.renderer.texture.TextureAtlas/]: Created: 64x64x0 minecraft:textures/atlas/map_decorations.png-atlas
[24Feb2025 17:04:33.493] [Render thread/INFO] [net.minecraft.client.renderer.texture.TextureAtlas/]: Created: 1024x512x0 minecraft:textures/atlas/gui.png-atlas
[24Feb2025 17:04:33.509] [Render thread/WARN] [net.minecraft.client.renderer.ShaderInstance/]: Shader rendertype_entity_translucent_emissive could not find sampler named Sampler2 in the specified shader program.
[24Feb2025 17:04:33.539] [Render thread/INFO] [net.neoforged.neoforge.client.entity.animation.json.AnimationLoader/]: Loaded 0 entity animations
[24Feb2025 17:04:38.963] [Render thread/INFO] [net.minecraft.world.item.crafting.RecipeManager/]: Loaded 1303 recipes
[24Feb2025 17:04:39.036] [Render thread/INFO] [net.minecraft.advancements.AdvancementTree/]: Loaded 1399 advancements
[24Feb2025 17:04:41.621] [Server thread/INFO] [net.minecraft.client.server.IntegratedServer/]: Starting integrated minecraft server version 1.21.1
[24Feb2025 17:04:41.622] [Server thread/INFO] [net.minecraft.server.MinecraftServer/]: Generating keypair
[24Feb2025 17:04:43.277] [Server thread/INFO] [net.minecraft.server.MinecraftServer/]: Preparing start region for dimension minecraft:overworld
[24Feb2025 17:04:43.320] [progressListener/INFO] [net.minecraft.server.level.progress.LoggerChunkProgressListener/]: Preparing spawn area: 2%
[24Feb2025 17:04:43.795] [progressListener/INFO] [net.minecraft.server.level.progress.LoggerChunkProgressListener/]: Preparing spawn area: 2%
[24Feb2025 17:04:44.288] [progressListener/INFO] [net.minecraft.server.level.progress.LoggerChunkProgressListener/]: Preparing spawn area: 18%
[24Feb2025 17:04:44.787] [progressListener/INFO] [net.minecraft.server.level.progress.LoggerChunkProgressListener/]: Preparing spawn area: 51%
[24Feb2025 17:04:45.008] [Server thread/INFO] [net.neoforged.neoforge.server.permission.PermissionAPI/]: Successfully initialized permission handler neoforge:default_handler
[24Feb2025 17:04:45.008] [Server thread/INFO] [com.mod.elventools.ElvenTools/]: HELLO from server starting
[24Feb2025 17:04:45.008] [Server thread/INFO] [com.mod.elventools.ElvenTools/]: Server about to start - posting WandererTradesEvent
[24Feb2025 17:04:45.009] [Server thread/INFO] [com.mod.elventools.ElvenTools/]: Adding trades to wandering trader
[24Feb2025 17:04:45.009] [Server thread/INFO] [com.mod.elventools.ElvenTools/]: Trades added: Generic - 5, Rare - 25
[24Feb2025 17:04:45.022] [Server thread/INFO] [net.minecraft.client.server.IntegratedServer/]: Changing view distance to 12, from 10
[24Feb2025 17:04:45.022] [Server thread/INFO] [net.minecraft.client.server.IntegratedServer/]: Changing simulation distance to 12, from 0
[24Feb2025 17:04:45.023] [progressListener/INFO] [net.minecraft.server.level.progress.LoggerChunkProgressListener/]: Time elapsed: 1744 ms
[24Feb2025 17:04:45.455] [Server thread/INFO] [net.minecraft.server.players.PlayerList/]: Dev[local:E:e505c14e] logged in with entity id 7 at (-6.5, 109.0, -3.5)
[24Feb2025 17:04:45.486] [Server thread/INFO] [net.minecraft.server.MinecraftServer/]: Dev joined the game
[24Feb2025 17:04:45.724] [Render thread/INFO] [net.minecraft.advancements.AdvancementTree/]: Loaded 2 advancements
[24Feb2025 17:04:50.660] [Server thread/INFO] [net.minecraft.client.server.IntegratedServer/]: Saving and pausing game...
[24Feb2025 17:04:50.670] [Server thread/INFO] [net.minecraft.server.MinecraftServer/]: Saving chunks for level 'ServerLevel[New World]'/minecraft:overworld
[24Feb2025 17:04:50.678] [Server thread/INFO] [net.minecraft.server.MinecraftServer/]: Saving chunks for level 'ServerLevel[New World]'/minecraft:the_nether
[24Feb2025 17:04:50.679] [Server thread/INFO] [net.minecraft.server.MinecraftServer/]: Saving chunks for level 'ServerLevel[New World]'/minecraft:the_end
[24Feb2025 17:04:51.623] [Server thread/INFO] [net.minecraft.server.network.ServerGamePacketListenerImpl/]: Dev lost connection: Disconnected
[24Feb2025 17:04:51.624] [Server thread/INFO] [net.minecraft.server.MinecraftServer/]: Dev left the game
[24Feb2025 17:04:51.628] [Server thread/INFO] [net.minecraft.server.network.ServerCommonPacketListenerImpl/]: Stopping singleplayer server as player logged out
[24Feb2025 17:04:51.663] [Server thread/INFO] [net.minecraft.server.MinecraftServer/]: Stopping server
[24Feb2025 17:04:51.664] [Server thread/INFO] [net.minecraft.server.MinecraftServer/]: Saving players
[24Feb2025 17:04:51.664] [Server thread/INFO] [net.minecraft.server.MinecraftServer/]: Saving worlds
[24Feb2025 17:04:52.550] [Server thread/INFO] [net.minecraft.server.MinecraftServer/]: Saving chunks for level 'ServerLevel[New World]'/minecraft:overworld
[24Feb2025 17:04:52.616] [Server thread/INFO] [net.minecraft.server.MinecraftServer/]: Saving chunks for level 'ServerLevel[New World]'/minecraft:the_nether
[24Feb2025 17:04:52.623] [Server thread/INFO] [net.minecraft.server.MinecraftServer/]: Saving chunks for level 'ServerLevel[New World]'/minecraft:the_end
[24Feb2025 17:04:52.638] [Server thread/INFO] [net.minecraft.server.MinecraftServer/]: ThreadedAnvilChunkStorage (New World): All chunks are saved
[24Feb2025 17:04:52.639] [Server thread/INFO] [net.minecraft.server.MinecraftServer/]: ThreadedAnvilChunkStorage (DIM-1): All chunks are saved
[24Feb2025 17:04:52.639] [Server thread/INFO] [net.minecraft.server.MinecraftServer/]: ThreadedAnvilChunkStorage (DIM1): All chunks are saved
[24Feb2025 17:04:52.639] [Server thread/INFO] [net.minecraft.server.MinecraftServer/]: ThreadedAnvilChunkStorage: All dimensions are saved
[24Feb2025 17:04:53.473] [Render thread/INFO] [net.minecraft.client.Minecraft/]: Stopping!
